\BOOKMARK [1][-]{section.1}{Syntax}{}% 1
\BOOKMARK [1][-]{section.2}{Static semantics}{}% 2
\BOOKMARK [2][-]{subsection.2.1}{Expressions \(A\137s \137sfrme\)}{section.2}% 3
\BOOKMARK [2][-]{subsection.2.2}{Formulas \(A\137s \137sfrm\)}{section.2}% 4
\BOOKMARK [3][-]{subsubsection.2.2.1}{Implication \(\1371 \040\1372\)}{subsection.2.2}% 5
\BOOKMARK [2][-]{subsection.2.3}{Footprint \("4262304 "5263305 \040= A\137s\)}{section.2}% 6
\BOOKMARK [2][-]{subsection.2.4}{Type \( e : T\)}{section.2}% 7
\BOOKMARK [2][-]{subsection.2.5}{Hoare \(\173\175s\173\175\)}{section.2}% 8
\BOOKMARK [1][-]{section.3}{Dynamic semantics}{}% 9
\BOOKMARK [2][-]{subsection.3.1}{Expressions \(H,e "322B37F v\)}{section.3}% 10
\BOOKMARK [2][-]{subsection.3.2}{Formulas \(H,,A \)}{section.3}% 11
\BOOKMARK [3][-]{subsubsection.3.2.1}{Implication \(\1371 -3mu\1372\)}{subsection.3.2}% 12
\BOOKMARK [2][-]{subsection.3.3}{Footprint \("4262304 "5263305 \137H, = A\137d\)}{section.3}% 13
\BOOKMARK [2][-]{subsection.3.4}{Type \(H, \040e : T\)}{section.3}% 14
\BOOKMARK [2][-]{subsection.3.5}{Small-step \(\(H, S\) \040\(H, S\)\)}{section.3}% 15
\BOOKMARK [1][-]{section.4}{Theorems}{}% 16
\BOOKMARK [2][-]{subsection.4.1}{Invariant invariant\(H, , A\137d, \)}{section.4}% 17
\BOOKMARK [3][-]{subsubsection.4.1.1}{Heap consistent}{subsection.4.1}% 18
\BOOKMARK [3][-]{subsubsection.4.1.2}{Phi holds}{subsection.4.1}% 19
\BOOKMARK [3][-]{subsubsection.4.1.3}{Types preserved}{subsection.4.1}% 20
\BOOKMARK [2][-]{subsection.4.2}{Soundness}{section.4}% 21
\BOOKMARK [3][-]{subsubsection.4.2.1}{Progress}{subsection.4.2}% 22
\BOOKMARK [3][-]{subsubsection.4.2.2}{Preservation}{subsection.4.2}% 23
